<?xml version="1.0" encoding="UTF-8"?>
<testng-results ignored="0" total="1" passed="1" failed="0" skipped="0">
  <reporter-output>
  </reporter-output>
  <suite started-at="2023-06-20T23:15:39 IST" name="Default suite" finished-at="2023-06-20T23:16:07 IST" duration-ms="28282">
    <groups>
    </groups>
    <test started-at="2023-06-20T23:15:39 IST" name="Default test" finished-at="2023-06-20T23:16:07 IST" duration-ms="28282">
      <class name="Pom_DDF_TestNG_utility_base.pbTest2_pom_TestNG">
        <test-method is-config="true" signature="openBrowser()[pri:0, instance:Pom_DDF_TestNG_utility_base.pbTest2_pom_TestNG@58695725]" started-at="2023-06-20T23:15:39 IST" name="openBrowser" finished-at="2023-06-20T23:15:50 IST" duration-ms="10770" status="PASS">
          <reporter-output>
          </reporter-output>
        </test-method> <!-- openBrowser -->
        <test-method is-config="true" signature="pbLogin()[pri:0, instance:Pom_DDF_TestNG_utility_base.pbTest2_pom_TestNG@58695725]" started-at="2023-06-20T23:15:50 IST" name="pbLogin" finished-at="2023-06-20T23:15:53 IST" duration-ms="3243" status="PASS">
          <reporter-output>
          </reporter-output>
        </test-method> <!-- pbLogin -->
        <test-method signature="pbFullName()[pri:0, instance:Pom_DDF_TestNG_utility_base.pbTest2_pom_TestNG@58695725]" started-at="2023-06-20T23:15:53 IST" name="pbFullName" finished-at="2023-06-20T23:16:04 IST" duration-ms="10697" status="PASS">
          <reporter-output>
          </reporter-output>
        </test-method> <!-- pbFullName -->
        <test-method is-config="true" signature="closeBrowser()[pri:0, instance:Pom_DDF_TestNG_utility_base.pbTest2_pom_TestNG@58695725]" started-at="2023-06-20T23:16:04 IST" name="closeBrowser" finished-at="2023-06-20T23:16:07 IST" duration-ms="3528" status="PASS">
          <reporter-output>
          </reporter-output>
        </test-method> <!-- closeBrowser -->
        <test-method is-config="true" signature="logoutFromapp(org.testng.ITestResult)[pri:0, instance:Pom_DDF_TestNG_utility_base.pbTest2_pom_TestNG@58695725]" started-at="2023-06-20T23:16:04 IST" name="logoutFromapp" finished-at="2023-06-20T23:16:04 IST" duration-ms="0" status="PASS">
          <params>
            <param index="0">
              <value>
                <![CDATA[[TestResult name=pbFullName status=SUCCESS method=pbTest2_pom_TestNG.pbFullName()[pri:0, instance:Pom_DDF_TestNG_utility_base.pbTest2_pom_TestNG@58695725] output={null}]]]>
              </value>
            </param>
          </params>
          <reporter-output>
          </reporter-output>
        </test-method> <!-- logoutFromapp -->
      </class> <!-- Pom_DDF_TestNG_utility_base.pbTest2_pom_TestNG -->
    </test> <!-- Default test -->
  </suite> <!-- Default suite -->
</testng-results>
